drawlibrary/build/intermediates/proguard-rules/release/aapt_rules.txt
# Generated by the gradle plugin
-keep class androidx.cardview.widget.CardView { <init>(...); }
-keep class androidx.recyclerview.widget.RecyclerView { <init>(...); }
-keep class androidx.recyclerview.widget.RecyclerView { <init>(...); }
-keep class com.eju.cy.drawlibrary.activity.DrawRoomActivity { <init>(...); }
-keep class com.eju.cy.drawlibrary.activity.EnumPortActivity { <init>(...); }
-keep class com.eju.cy.drawlibrary.activity.MyRoomDataList { <init>(...); }
-keep class com.eju.cy.drawlibrary.activity.ShowArHuXingActivity { <init>(...); }
-keep class com.eju.cy.drawlibrary.activity.TestActivity { <init>(...); }
-keep class com.eju.cy.drawlibrary.bluetooth.ACSUtilityService { <init>(...); }
-keep class com.eju.cy.drawlibrary.view.BubbleLayout { <init>(...); }
-keep class com.eju.cy.drawlibrary.view.JddDrawRoomView { <init>(...); }
-keep class com.scwang.smartrefresh.layout.SmartRefreshLayout { <init>(...); }
-keep class com.scwang.smartrefresh.layout.footer.ClassicsFooter { <init>(...); }
-keep class com.scwang.smartrefresh.layout.header.ClassicsHeader { <init>(...); }
-keep class com.wang.avi.AVLoadingIndicatorView { <init>(...); }
-keep class com.wang.avi.AVLoadingIndicatorView { <init>(...); }
-keep class com.wang.avi.AVLoadingIndicatorView { <init>(...); }