drawlibrary/build/outputs/mapping/release/mapping.txt
# compiler: R8
# compiler_version: 1.5.59
# pg_map_id: 21edc8b
com.eju.cy.drawlibrary.JDHomeSdk$1 -> com.eju.cy.drawlibrary.JDHomeSdk$a:
com.eju.cy.drawlibrary.activity.DrawRoomActivity -> com.eju.cy.drawlibrary.activity.DrawRoomActivity:
    com.eju.cy.drawlibrary.bluetooth.ACSUtility$IACSUtilityCallback userCallback -> e
    boolean isLink -> a
    java.util.HashMap _$_findViewCache -> f
    boolean isPortOpen -> b
    com.eju.cy.drawlibrary.bluetooth.ACSUtility$blePort mSelectedPort -> c
    com.eju.cy.drawlibrary.bluetooth.ACSUtility util -> d
    android.view.View _$_findCachedViewById(int) -> a
    com.eju.cy.drawlibrary.bluetooth.ACSUtility$blePort getMSelectedPort() -> a
    void setMCurrentPort(com.eju.cy.drawlibrary.bluetooth.ACSUtility$blePort) -> a
    com.eju.cy.drawlibrary.bluetooth.ACSUtility getUtil() -> b
    boolean isBluetoothEnabled() -> c
    void setData() -> d
    1:1:void initView():0:0 -> onCreate
    1:1:void onCreate(android.os.Bundle):0 -> onCreate
com.eju.cy.drawlibrary.activity.DrawRoomActivity$initView$1 -> a.a.a.a.a.a:
    com.eju.cy.drawlibrary.activity.DrawRoomActivity this$0 -> a
    1:1:boolean com.eju.cy.drawlibrary.activity.DrawRoomActivity.access$isLink$p(com.eju.cy.drawlibrary.activity.DrawRoomActivity):0:0 -> onClick
    1:1:void onClick(android.view.View):0 -> onClick
    2:2:void onClick(android.view.View):0:0 -> onClick
com.eju.cy.drawlibrary.activity.DrawRoomActivity$onActivityResult$1 -> com.eju.cy.drawlibrary.activity.DrawRoomActivity$a:
    com.eju.cy.drawlibrary.activity.DrawRoomActivity this$0 -> a
    1:1:boolean com.eju.cy.drawlibrary.activity.DrawRoomActivity.access$isPortOpen$p(com.eju.cy.drawlibrary.activity.DrawRoomActivity):0:0 -> run
    1:1:void run():0 -> run
    2:2:void run():0:0 -> run
    3:3:void com.eju.cy.drawlibrary.bluetooth.ACSUtility.closePort():0:0 -> run
    3:3:void run():0 -> run
    4:4:void run():0:0 -> run
com.eju.cy.drawlibrary.activity.DrawRoomActivity$userCallback$1 -> com.eju.cy.drawlibrary.activity.DrawRoomActivity$b:
    com.eju.cy.drawlibrary.activity.DrawRoomActivity this$0 -> a
    1:1:void com.eju.cy.drawlibrary.activity.DrawRoomActivity.access$setPortOpen$p(com.eju.cy.drawlibrary.activity.DrawRoomActivity,boolean):0:0 -> a
    1:1:void didClosePort(com.eju.cy.drawlibrary.bluetooth.ACSUtility$blePort):0 -> a
    2:2:void didClosePort(com.eju.cy.drawlibrary.bluetooth.ACSUtility$blePort):0:0 -> a
    3:3:void com.eju.cy.drawlibrary.activity.DrawRoomActivity.access$setLink$p(com.eju.cy.drawlibrary.activity.DrawRoomActivity,boolean):0:0 -> a
    3:3:void didClosePort(com.eju.cy.drawlibrary.bluetooth.ACSUtility$blePort):0 -> a
    4:4:void com.eju.cy.drawlibrary.activity.DrawRoomActivity.access$setPortOpen$p(com.eju.cy.drawlibrary.activity.DrawRoomActivity,boolean):0:0 -> a
    4:4:void didOpenPort(com.eju.cy.drawlibrary.bluetooth.ACSUtility$blePort,java.lang.Boolean):0 -> a
    5:5:void didOpenPort(com.eju.cy.drawlibrary.bluetooth.ACSUtility$blePort,java.lang.Boolean):0:0 -> a
    6:6:void didOpenPort(com.eju.cy.drawlibrary.bluetooth.ACSUtility$blePort,java.lang.Boolean):0:0 -> a
    7:7:void com.eju.cy.drawlibrary.activity.DrawRoomActivity.access$setLink$p(com.eju.cy.drawlibrary.activity.DrawRoomActivity,boolean):0:0 -> a
    7:7:void didOpenPort(com.eju.cy.drawlibrary.bluetooth.ACSUtility$blePort,java.lang.Boolean):0 -> a